{
  "RSpec": {
    "coverage": {
      "/Users/eytanfb/Desktop/Work/offtrafik/app/controllers/application_controller.rb": [
        1,
        1,
        null,
        null
      ],
      "/Users/eytanfb/Desktop/Work/offtrafik/app/controllers/comments_controller.rb": [
        1,
        1,
        null,
        1,
        4,
        4,
        4,
        null,
        0,
        0,
        null,
        null,
        null,
        1,
        3,
        3,
        1,
        1,
        null,
        2,
        null,
        null,
        null
      ],
      "/Users/eytanfb/Desktop/Work/offtrafik/app/models/comment.rb": [
        null,
        null,
        null,
        null,
        null,
        null,
        null,
        null,
        null,
        null,
        null,
        null,
        null,
        1,
        1,
        null,
        1,
        null,
        1,
        null,
        1,
        1,
        1,
        null,
        1,
        28,
        null,
        null
      ],
      "/Users/eytanfb/Desktop/Work/offtrafik/app/controllers/frequent_postings_controller.rb": [
        null,
        null,
        1,
        null,
        1,
        null,
        null,
        null,
        1,
        0,
        0,
        0,
        0,
        0,
        0,
        0,
        0,
        0,
        0,
        0,
        0,
        0,
        0,
        0,
        0,
        0,
        0,
        null,
        0,
        0,
        null,
        0,
        0,
        0,
        null,
        null,
        null,
        1,
        null,
        1,
        0,
        null,
        null,
        null,
        null,
        null
      ],
      "/Users/eytanfb/Desktop/Work/offtrafik/app/models/frequent_posting.rb": [
        null,
        null,
        null,
        null,
        null,
        null,
        null,
        null,
        null,
        null,
        null,
        null,
        null,
        null,
        null,
        null,
        null,
        null,
        null,
        1,
        null,
        1,
        1,
        null,
        1,
        null,
        1,
        1,
        1,
        null,
        1,
        null,
        1,
        1,
        0,
        0,
        null,
        null,
        null,
        null
      ],
      "/Users/eytanfb/Desktop/Work/offtrafik/app/controllers/postings_controller.rb": [
        null,
        null,
        1,
        1,
        1,
        null,
        1,
        2,
        2,
        null,
        null,
        1,
        2,
        2,
        null,
        2,
        2,
        0,
        0,
        null,
        2,
        2,
        2,
        null,
        null,
        null,
        1,
        18,
        18,
        18,
        18,
        18,
        18,
        null,
        null,
        1,
        0,
        null,
        null,
        1,
        0,
        0,
        0,
        0,
        null,
        0,
        0,
        null,
        null,
        null,
        1,
        3,
        0,
        null,
        3,
        3,
        null,
        3,
        null,
        3,
        null,
        3,
        3,
        3,
        null,
        null,
        null,
        1,
        0,
        0,
        0,
        0,
        0,
        0,
        0,
        null,
        0,
        0,
        0,
        0,
        null,
        null,
        1,
        0,
        null,
        0,
        0,
        null,
        null,
        null,
        1,
        0,
        null,
        null,
        1,
        0,
        0,
        0,
        0,
        0,
        0,
        0,
        null,
        0,
        null,
        null,
        null,
        1,
        0,
        0,
        0,
        0,
        null,
        null,
        1,
        null,
        1,
        0,
        0,
        0,
        null,
        null,
        1,
        7,
        null,
        null,
        null
      ],
      "/Users/eytanfb/Desktop/Work/offtrafik/app/models/posting.rb": [
        null,
        null,
        null,
        null,
        null,
        null,
        null,
        null,
        null,
        null,
        null,
        null,
        null,
        null,
        null,
        null,
        null,
        null,
        null,
        null,
        1,
        1,
        null,
        1,
        1,
        null,
        1,
        1,
        1,
        null,
        1,
        null,
        43,
        1,
        1,
        1,
        1,
        null,
        1,
        18,
        null,
        null,
        1,
        4,
        null,
        null,
        1,
        0,
        null,
        null,
        1,
        36,
        null,
        null,
        1,
        2,
        null,
        null,
        1,
        0,
        null,
        null,
        1,
        0,
        null,
        null,
        1,
        0,
        null,
        null,
        1,
        1,
        34,
        32,
        null,
        null,
        null,
        null
      ],
      "/Users/eytanfb/Desktop/Work/offtrafik/app/controllers/static_pages_controller.rb": [
        null,
        null,
        1,
        1,
        42,
        42,
        null,
        null,
        1,
        null,
        null,
        1,
        null,
        null,
        1,
        null,
        null,
        1,
        null,
        null,
        1,
        0,
        null,
        null,
        null
      ],
      "/Users/eytanfb/Desktop/Work/offtrafik/app/controllers/users_controller.rb": [
        null,
        null,
        null,
        1,
        1,
        null,
        1,
        0,
        null,
        null,
        1,
        39,
        null,
        null,
        1,
        0,
        null,
        null,
        1,
        10,
        10,
        10,
        10,
        10,
        null,
        null,
        1,
        0,
        null,
        null,
        1,
        1,
        0,
        0,
        null,
        null,
        1,
        0,
        null,
        null,
        null
      ],
      "/Users/eytanfb/Desktop/Work/offtrafik/app/helpers/application_helper.rb": [
        null,
        null,
        null,
        1,
        null,
        null,
        1,
        137,
        137,
        73,
        null,
        64,
        null,
        null,
        null,
        null
      ],
      "/Users/eytanfb/Desktop/Work/offtrafik/app/helpers/comments_helper.rb": [
        1,
        null
      ],
      "/Users/eytanfb/Desktop/Work/offtrafik/app/helpers/frequent_postings_helper.rb": [
        1,
        null
      ],
      "/Users/eytanfb/Desktop/Work/offtrafik/app/helpers/postings_helper.rb": [
        null,
        null,
        1,
        null,
        1,
        8,
        null,
        null,
        null
      ],
      "/Users/eytanfb/Desktop/Work/offtrafik/app/helpers/sessions_helper.rb": [
        1,
        null
      ],
      "/Users/eytanfb/Desktop/Work/offtrafik/app/helpers/static_pages_helper.rb": [
        1,
        null
      ],
      "/Users/eytanfb/Desktop/Work/offtrafik/app/helpers/users_helper.rb": [
        1,
        null,
        1,
        85,
        85,
        85,
        85,
        null,
        null
      ],
      "/Users/eytanfb/Desktop/Work/offtrafik/app/mailers/posting_mailer.rb": [
        1,
        1,
        null,
        1,
        0,
        0,
        0,
        0,
        0,
        0,
        0,
        0,
        0,
        null,
        0,
        null,
        null,
        1,
        0,
        0,
        0,
        0,
        0,
        0,
        null,
        0,
        null,
        null,
        null
      ],
      "/Users/eytanfb/Desktop/Work/offtrafik/app/mailers/user_mailer.rb": [
        1,
        1,
        null,
        1,
        0,
        0,
        null,
        null,
        null
      ],
      "/Users/eytanfb/Desktop/Work/offtrafik/app/models/district.rb": [
        null,
        null,
        null,
        null,
        null,
        null,
        null,
        null,
        null,
        null,
        1,
        null,
        1,
        null,
        1,
        null
      ],
      "/Users/eytanfb/Desktop/Work/offtrafik/app/models/favorite.rb": [
        null,
        null,
        null,
        null,
        null,
        null,
        null,
        null,
        null,
        null,
        null,
        1,
        null,
        1,
        null,
        1,
        null,
        1,
        null,
        null
      ],
      "/Users/eytanfb/Desktop/Work/offtrafik/app/models/frequent_day.rb": [
        null,
        null,
        null,
        null,
        null,
        null,
        null,
        null,
        null,
        null,
        null,
        1,
        1,
        null,
        1,
        null,
        1,
        null
      ],
      "/Users/eytanfb/Desktop/Work/offtrafik/app/models/neighborhood.rb": [
        null,
        null,
        null,
        null,
        null,
        null,
        null,
        null,
        null,
        null,
        null,
        1,
        null,
        1,
        null,
        1,
        null,
        null
      ],
      "/Users/eytanfb/Desktop/Work/offtrafik/app/models/posting_response.rb": [
        null,
        null,
        null,
        null,
        null,
        null,
        null,
        null,
        null,
        null,
        null,
        null,
        1,
        1,
        null,
        1,
        1,
        null,
        1,
        null,
        1,
        45,
        null,
        null,
        1,
        8,
        null,
        null,
        null
      ],
      "/Users/eytanfb/Desktop/Work/offtrafik/app/models/user.rb": [
        null,
        null,
        null,
        null,
        null,
        null,
        null,
        null,
        null,
        null,
        null,
        null,
        null,
        null,
        null,
        null,
        null,
        null,
        null,
        null,
        null,
        null,
        null,
        null,
        null,
        null,
        null,
        null,
        null,
        1,
        null,
        null,
        1,
        null,
        null,
        null,
        1,
        null,
        1,
        1,
        1,
        1,
        1,
        null,
        1,
        1,
        1,
        1,
        1,
        null,
        1,
        233,
        null,
        null,
        1,
        87,
        86,
        86,
        1,
        null,
        85,
        null,
        null,
        null,
        1,
        4,
        null,
        null,
        null
      ]
    },
    "timestamp": 1391167546
  }
}
